[main e79e757] Auto-update Wed 11 Feb 2026 21:34:46 GMT
 Committer: Josh Balfoort <joshbalfoort@mac.home>
Your name and email address were configured automatically based
on your username and hostname. Please check that they are accurate.
You can suppress this message by setting them explicitly:

    git config --global user.name "Your Name"
    git config --global user.email you@example.com

After doing this, you may fix the identity used for this commit with:

    git commit --amend --reset-author

 1 file changed, 0 insertions(+), 0 deletions(-)
 create mode 100644 nohup.out
To https://github.com/JxshMC/minewarutils.git
   ca68360..e79e757  main -> main
Changes uploaded! Waiting 5 minutes for next check...
On branch main
nothing to commit, working tree clean
Everything up-to-date
Changes uploaded! Waiting 5 minutes for next check...
[main acbb6b7] Auto-sync: 2026-02-11 21:40
 Committer: Josh Balfoort <joshbalfoort@mac.home>
Your name and email address were configured automatically based
on your username and hostname. Please check that they are accurate.
You can suppress this message by setting them explicitly:

    git config --global user.name "Your Name"
    git config --global user.email you@example.com

After doing this, you may fix the identity used for this commit with:

    git commit --amend --reset-author

 1 file changed, 4 insertions(+)
To https://github.com/JxshMC/minewarutils.git
   798e810..acbb6b7  main -> main
Changes synced to GitHub.
